<?xml version="1.0" encoding="UTF-8"?>
<!-- Generated by org.testng.reporters.JUnitReportReporter -->
<testsuite hostname="Arpitha" failures="0" tests="1" name="Safearth_CommonFiles.demo$LoginPageTestCases111" time="22.143" errors="0" timestamp="2024-08-07T11:21:37 IST" skipped="0">
  <testcase classname="Safearth_CommonFiles.demo$LoginPageTestCases111" name="Signup11" time="22.143"/>
</testsuite> <!-- Safearth_CommonFiles.demo$LoginPageTestCases111 -->
