<?xml version="1.0" encoding="UTF-8"?>
<!-- Generated by org.testng.reporters.JUnitReportReporter -->
<testsuite hostname="Arpitha" failures="0" tests="1" name="Safearth_CommonFiles.SolarFlow_Project" time="56.507" errors="0" timestamp="2024-09-03T11:27:00 IST" skipped="0">
  <testcase classname="Safearth_CommonFiles.SolarFlow_Project" name="ProjectCreation" time="56.507"/>
</testsuite> <!-- Safearth_CommonFiles.SolarFlow_Project -->
