<?xml version="1.0" encoding="UTF-8"?>
<!-- Generated by org.testng.reporters.JUnitReportReporter -->
<testsuite hostname="Arpitha" failures="0" tests="1" name="Safearth_CommonFiles.LoginPageTestCases" time="18.900" errors="0" timestamp="2024-09-02T12:53:36 IST" skipped="0">
  <testcase classname="Safearth_CommonFiles.LoginPageTestCases" name="FirstTimeLoginRegistration2" time="18.900"/>
</testsuite> <!-- Safearth_CommonFiles.LoginPageTestCases -->
